Arguments: 
  C:\Program Files\nodejs\node.exe C:\Users\sayoi\AppData\Roaming\npm\node_modules\yarn\bin\yarn.js install

PATH: 
  C:\Users\sayoi\workspace\react-template\node_modules\.bin;C:\wget\bin\;C:\MinGW\bin;C:\Program Files (x86)\Common Files\Oracle\Java\javapath;C:\Windows\system32;C:\Windows;C:\Windows\System32\Wbem;C:\Windows\System32\WindowsPowerShell\v1.0\;C:\Windows\System32\OpenSSH\;C:\Program Files\Intel\WiFi\bin\;C:\Program Files\Common Files\Intel\WirelessCommon\;C:\Program Files (x86)\IVI Foundation\VISA\WinNT\Bin;C:\Program Files (x86)\Vim\vim82;C:\ProgramData\chocolatey\bin;C:\Program Files\Microsoft SQL Server\Client SDK\ODBC\110\Tools\Binn\;C:\Program Files (x86)\Microsoft SQL Server\120\Tools\Binn\;C:\Program Files\Microsoft SQL Server\120\Tools\Binn\;C:\Program Files\Microsoft SQL Server\120\DTS\Binn\;C:\Program Files (x86)\Windows Kits\8.1\Windows Performance Toolkit\;C:\Program Files\Microsoft SQL Server\130\Tools\Binn\;C:\Program Files\Microsoft SQL Server\Client SDK\ODBC\170\Tools\Binn\;";C:\Windows\Microsoft.NET\Framework64\v4.0.30319";C:\Program Files\dotnet\;C:\WINDOWS\system32;C:\WINDOWS;C:\WINDOWS\System32\Wbem;C:\WINDOWS\System32\WindowsPowerShell\v1.0\;C:\WINDOWS\System32\OpenSSH\;C:\Program Files\PowerShell\7\;C:\Program Files\nodejs\;C:\Program Files\PuTTY\;C:\Program Files\Git\cmd;C:\Program Files\Git\mingw64\bin;C:\Program Files\Git\usr\bin;C:\Program Files\Go\bin;C:\Program Files\Docker\Docker\resources\bin;C:\ProgramData\DockerDesktop\version-bin;C:\Users\sayoi\AppData\Local\Microsoft\WindowsApps;C:\Users\sayoi\AppData\Local\Programs\Microsoft VS Code\bin;C:\Users\sayoi\AppData\Roaming\npm;C:\Windows\Microsoft.NET\Framework\v4.0.30319\csc;C:\MinGW\bin;C:\Users\sayoi\AppData\Local\Programs\Python\Python38-32;C:\Users\sayoi\workspace\mygo\bin;

Yarn version: 
  1.22.10

Node version: 
  14.16.0

Platform: 
  win32 x64

Trace: 
  Error: https://registry.yarnpkg.com/@material-ui%2fcore: tunneling socket could not be established, cause=getaddrinfo EAI_AGAIN po.cc.ibaraki-ct.ac.jp
      at ClientRequest.onError (C:\Users\sayoi\AppData\Roaming\npm\node_modules\yarn\lib\cli.js:152235:17)
      at Object.onceWrapper (events.js:422:26)
      at ClientRequest.emit (events.js:315:20)
      at Socket.socketErrorListener (_http_client.js:469:9)
      at Socket.emit (events.js:315:20)
      at emitErrorNT (internal/streams/destroy.js:106:8)
      at emitErrorCloseNT (internal/streams/destroy.js:74:3)
      at processTicksAndRejections (internal/process/task_queues.js:80:21)

npm manifest: 
  {
    "name": "react-template",
    "version": "1.0.0",
    "description": "",
    "main": "index.js",
    "scripts": {
      "start": "webpack serve",
      "build": "webpack"
    },
    "author": "",
    "license": "ISC",
    "devDependencies": {
      "@babel/core": "^7.12.13",
      "@babel/preset-env": "^7.12.13",
      "@types/copy-webpack-plugin": "^6.4.0",
      "@types/fibers": "^3.1.0",
      "@types/html-webpack-plugin": "^3.2.4",
      "@types/node": "^14.14.25",
      "@types/react": "^17.0.1",
      "@types/react-dom": "^17.0.0",
      "@types/sass": "^1.16.0",
      "@types/webpack": "^4.41.26",
      "@types/webpack-dev-server": "^3.11.1",
      "autoprefixer": "^10.2.4",
      "babel-loader": "^8.2.2",
      "copy-webpack-plugin": "^7.0.0",
      "css-loader": "^5.0.1",
      "cssnano": "^4.1.10",
      "fibers": "^5.0.0",
      "html-webpack-plugin": "^5.0.0",
      "postcss": "^8.2.4",
      "postcss-loader": "^5.0.0",
      "react-router": "^5.2.0",
      "react-router-dom": "^5.2.0",
      "sass": "^1.32.6",
      "sass-loader": "^10.1.1",
      "style-loader": "^2.0.0",
      "ts-loader": "^8.0.15",
      "ts-node": "^9.1.1",
      "typescript": "^4.1.3",
      "webpack": "^5.20.2",
      "webpack-cli": "^4.5.0",
      "webpack-dev-server": "^3.11.2"
    },
    "dependencies": {
      "@material-ui/core": "^4.11.3",
      "axios": "^0.21.1",
      "core-js": "^3.8.3",
      "file-loader": "^6.2.0",
      "latest-version": "^5.1.0",
      "material-table": "^1.69.2",
      "react": "^17.0.1",
      "react-dom": "^17.0.1",
      "react-leaflet": "^3.1.0",
      "tslib": "^2.1.0",
      "url-loader": "^4.1.1"
    }
  }

yarn manifest: 
  No manifest

Lockfile: 
  No lockfile
